Requirement already satisfied: avalanche_lib==0.5.0 in /home/acq21xw/.conda/envs/avalanche/lib/python3.8/site-packages (from -r requirements.txt (line 1)) (0.5.0)
Requirement already satisfied: numpy==1.24.4 in /home/acq21xw/.conda/envs/avalanche/lib/python3.8/site-packages (from -r requirements.txt (line 2)) (1.24.4)
ERROR: Ignored the following versions that require a different python version: 2.1.0 Requires-Python >=3.9; 2.1.0rc0 Requires-Python >=3.9; 2.1.1 Requires-Python >=3.9; 2.1.2 Requires-Python >=3.9; 2.1.3 Requires-Python >=3.9; 2.1.4 Requires-Python >=3.9; 2.2.0 Requires-Python >=3.9; 2.2.0rc0 Requires-Python >=3.9; 2.2.1 Requires-Python >=3.9
ERROR: Could not find a version that satisfies the requirement pandas==2.2.1 (from versions: 0.1, 0.2, 0.3.0, 0.4.0, 0.4.1, 0.4.2, 0.4.3, 0.5.0, 0.6.0, 0.6.1, 0.7.0, 0.7.1, 0.7.2, 0.7.3, 0.8.0, 0.8.1, 0.9.0, 0.9.1, 0.10.0, 0.10.1, 0.11.0, 0.12.0, 0.13.0, 0.13.1, 0.14.0, 0.14.1, 0.15.0, 0.15.1, 0.15.2, 0.16.0, 0.16.1, 0.16.2, 0.17.0, 0.17.1, 0.18.0, 0.18.1, 0.19.0, 0.19.1, 0.19.2, 0.20.0, 0.20.1, 0.20.2, 0.20.3, 0.21.0, 0.21.1, 0.22.0, 0.23.0, 0.23.1, 0.23.2, 0.23.3, 0.23.4, 0.24.0, 0.24.1, 0.24.2, 0.25.0, 0.25.1, 0.25.2, 0.25.3, 1.0.0, 1.0.1, 1.0.2, 1.0.3, 1.0.4, 1.0.5, 1.1.0, 1.1.1, 1.1.2, 1.1.3, 1.1.4, 1.1.5, 1.2.0, 1.2.1, 1.2.2, 1.2.3, 1.2.4, 1.2.5, 1.3.0, 1.3.1, 1.3.2, 1.3.3, 1.3.4, 1.3.5, 1.4.0rc0, 1.4.0, 1.4.1, 1.4.2, 1.4.3, 1.4.4, 1.5.0rc0, 1.5.0, 1.5.1, 1.5.2, 1.5.3, 2.0.0rc0, 2.0.0rc1, 2.0.0, 2.0.1, 2.0.2, 2.0.3)
ERROR: No matching distribution found for pandas==2.2.1
Traceback (most recent call last):
  File "main.py", line 12, in <module>
    from avalanche.benchmarks.classic import SplitCIFAR100
  File "/home/acq21xw/.conda/envs/avalanche/lib/python3.8/site-packages/avalanche/__init__.py", line 1, in <module>
    from avalanche import benchmarks
  File "/home/acq21xw/.conda/envs/avalanche/lib/python3.8/site-packages/avalanche/benchmarks/__init__.py", line 13, in <module>
    from .classic import *
  File "/home/acq21xw/.conda/envs/avalanche/lib/python3.8/site-packages/avalanche/benchmarks/classic/__init__.py", line 15, in <module>
    from .ex_model import *
  File "/home/acq21xw/.conda/envs/avalanche/lib/python3.8/site-packages/avalanche/benchmarks/classic/ex_model.py", line 38, in <module>
    from avalanche.evaluation.metrics import TaskAwareAccuracy
  File "/home/acq21xw/.conda/envs/avalanche/lib/python3.8/site-packages/avalanche/evaluation/metrics/__init__.py", line 20, in <module>
    from .acc_matrix import *
  File "/home/acq21xw/.conda/envs/avalanche/lib/python3.8/site-packages/avalanche/evaluation/metrics/acc_matrix.py", line 7, in <module>
    from avalanche.training.templates import SupervisedTemplate
  File "/home/acq21xw/.conda/envs/avalanche/lib/python3.8/site-packages/avalanche/training/__init__.py", line 10, in <module>
    from .supervised import *
  File "/home/acq21xw/.conda/envs/avalanche/lib/python3.8/site-packages/avalanche/training/supervised/__init__.py", line 6, in <module>
    from .joint_training import *
  File "/home/acq21xw/.conda/envs/avalanche/lib/python3.8/site-packages/avalanche/training/supervised/joint_training.py", line 21, in <module>
    from avalanche.training.plugins.evaluation import (
  File "/home/acq21xw/.conda/envs/avalanche/lib/python3.8/site-packages/avalanche/training/plugins/__init__.py", line 3, in <module>
    from .evaluation import EvaluationPlugin
  File "/home/acq21xw/.conda/envs/avalanche/lib/python3.8/site-packages/avalanche/training/plugins/evaluation.py", line 19, in <module>
    from avalanche.logging import InteractiveLogger
  File "/home/acq21xw/.conda/envs/avalanche/lib/python3.8/site-packages/avalanche/logging/__init__.py", line 2, in <module>
    from .tensorboard_logger import *
  File "/home/acq21xw/.conda/envs/avalanche/lib/python3.8/site-packages/avalanche/logging/tensorboard_logger.py", line 20, in <module>
    from torch.utils.tensorboard import SummaryWriter
  File "/home/acq21xw/.conda/envs/avalanche/lib/python3.8/site-packages/torch/utils/tensorboard/__init__.py", line 4, in <module>
    LooseVersion = distutils.version.LooseVersion
AttributeError: module 'distutils' has no attribute 'version'
